{
  "uid" : "3fdefa5e0e20ec56",
  "name" : "test_new_data",
  "fullName" : "test_conduit.test_conduit#test_new_data",
  "historyId" : "7aa75b0f7f134fbda2ce5e5dadb61278",
  "time" : {
    "start" : 1628872893940,
    "stop" : 1628872905840,
    "duration" : 11900
  },
  "status" : "broken",
  "statusMessage" : "selenium.common.exceptions.TimeoutException: Message:",
  "statusTrace" : "def test_new_data():\n        browser = setup_env()\n>       settings = webdriver_wait_xpath(browser, '//a[@href=\"#/editor\"]')\n\ntest_conduit/test_conduit.py:129: \n_ _ _ _ _ _ _ _ _ _ _ _ _ _ _ _ _ _ _ _ _ _ _ _ _ _ _ _ _ _ _ _ _ _ _ _ _ _ _ _ \ntest_conduit/conduit_data.py:10: in webdriver_wait_xpath\n    element = WebDriverWait(browser, 10).until(EC.visibility_of_element_located((By.XPATH, value)))\n_ _ _ _ _ _ _ _ _ _ _ _ _ _ _ _ _ _ _ _ _ _ _ _ _ _ _ _ _ _ _ _ _ _ _ _ _ _ _ _ \n\nself = <selenium.webdriver.support.wait.WebDriverWait (session=\"be8681ea84c27e48d5f41d414d3e8ca8\")>\nmethod = <selenium.webdriver.support.expected_conditions.visibility_of_element_located object at 0x7f771ede5790>\nmessage = ''\n\n    def until(self, method, message=''):\n        \"\"\"Calls the method provided with the driver as an argument until the \\\n        return value is not False.\"\"\"\n        screen = None\n        stacktrace = None\n    \n        end_time = time.time() + self._timeout\n        while True:\n            try:\n                value = method(self._driver)\n                if value:\n                    return value\n            except self._ignored_exceptions as exc:\n                screen = getattr(exc, 'screen', None)\n                stacktrace = getattr(exc, 'stacktrace', None)\n            time.sleep(self._poll)\n            if time.time() > end_time:\n                break\n>       raise TimeoutException(message, screen, stacktrace)\nE       selenium.common.exceptions.TimeoutException: Message:\n\n/opt/hostedtoolcache/Python/3.9.5/x64/lib/python3.9/site-packages/selenium/webdriver/support/wait.py:80: TimeoutException",
  "flaky" : false,
  "newFailed" : false,
  "beforeStages" : [ ],
  "testStage" : {
    "status" : "broken",
    "statusMessage" : "selenium.common.exceptions.TimeoutException: Message:",
    "statusTrace" : "def test_new_data():\n        browser = setup_env()\n>       settings = webdriver_wait_xpath(browser, '//a[@href=\"#/editor\"]')\n\ntest_conduit/test_conduit.py:129: \n_ _ _ _ _ _ _ _ _ _ _ _ _ _ _ _ _ _ _ _ _ _ _ _ _ _ _ _ _ _ _ _ _ _ _ _ _ _ _ _ \ntest_conduit/conduit_data.py:10: in webdriver_wait_xpath\n    element = WebDriverWait(browser, 10).until(EC.visibility_of_element_located((By.XPATH, value)))\n_ _ _ _ _ _ _ _ _ _ _ _ _ _ _ _ _ _ _ _ _ _ _ _ _ _ _ _ _ _ _ _ _ _ _ _ _ _ _ _ \n\nself = <selenium.webdriver.support.wait.WebDriverWait (session=\"be8681ea84c27e48d5f41d414d3e8ca8\")>\nmethod = <selenium.webdriver.support.expected_conditions.visibility_of_element_located object at 0x7f771ede5790>\nmessage = ''\n\n    def until(self, method, message=''):\n        \"\"\"Calls the method provided with the driver as an argument until the \\\n        return value is not False.\"\"\"\n        screen = None\n        stacktrace = None\n    \n        end_time = time.time() + self._timeout\n        while True:\n            try:\n                value = method(self._driver)\n                if value:\n                    return value\n            except self._ignored_exceptions as exc:\n                screen = getattr(exc, 'screen', None)\n                stacktrace = getattr(exc, 'stacktrace', None)\n            time.sleep(self._poll)\n            if time.time() > end_time:\n                break\n>       raise TimeoutException(message, screen, stacktrace)\nE       selenium.common.exceptions.TimeoutException: Message:\n\n/opt/hostedtoolcache/Python/3.9.5/x64/lib/python3.9/site-packages/selenium/webdriver/support/wait.py:80: TimeoutException",
    "steps" : [ ],
    "attachments" : [ {
      "uid" : "7fbdc06bf2043ea3",
      "name" : "log",
      "source" : "7fbdc06bf2043ea3.txt",
      "type" : "text/plain",
      "size" : 344
    }, {
      "uid" : "5d8ee5723fc079de",
      "name" : "stderr",
      "source" : "5d8ee5723fc079de.txt",
      "type" : "text/plain",
      "size" : 215
    } ],
    "parameters" : [ ],
    "stepsCount" : 0,
    "attachmentsCount" : 2,
    "shouldDisplayMessage" : true,
    "hasContent" : true
  },
  "afterStages" : [ ],
  "labels" : [ {
    "name" : "parentSuite",
    "value" : "test_conduit"
  }, {
    "name" : "suite",
    "value" : "test_conduit"
  }, {
    "name" : "host",
    "value" : "fv-az42-898"
  }, {
    "name" : "thread",
    "value" : "3880-MainThread"
  }, {
    "name" : "framework",
    "value" : "pytest"
  }, {
    "name" : "language",
    "value" : "cpython3"
  }, {
    "name" : "package",
    "value" : "test_conduit.test_conduit"
  }, {
    "name" : "resultFormat",
    "value" : "allure2"
  } ],
  "parameters" : [ ],
  "links" : [ ],
  "hidden" : false,
  "retry" : false,
  "extra" : {
    "severity" : "normal",
    "retries" : [ ],
    "categories" : [ {
      "name" : "Test defects",
      "matchedStatuses" : [ ],
      "flaky" : false
    } ],
    "tags" : [ ]
  },
  "source" : "3fdefa5e0e20ec56.json",
  "parameterValues" : [ ]
}