{
  "uid" : "18d8cd6a942a4054",
  "name" : "test_pagination",
  "fullName" : "test_conduit.test_conduit#test_pagination",
  "historyId" : "6c83321301eeae2ddcc8d3a3ff02bcbe",
  "time" : {
    "start" : 1628874454350,
    "stop" : 1628874467356,
    "duration" : 13006
  },
  "status" : "broken",
  "statusMessage" : "selenium.common.exceptions.TimeoutException: Message:",
  "statusTrace" : "def test_pagination():\n        browser = setup_env()\n        conduit_registration(browser)\n        home_page = browser.find_element_by_xpath('//*[@href=\"#/\"]')\n        home_page.click()\n>       second_page = webdriver_wait_xpath(browser, '//*[@id=\"app\"]/div/div[2]/div/div[1]/div[2]/div/div/nav/ul/li[2]/a')\n\ntest_conduit/test_conduit.py:119: \n_ _ _ _ _ _ _ _ _ _ _ _ _ _ _ _ _ _ _ _ _ _ _ _ _ _ _ _ _ _ _ _ _ _ _ _ _ _ _ _ \ntest_conduit/conduit_data.py:10: in webdriver_wait_xpath\n    element = WebDriverWait(browser, 10).until(EC.visibility_of_element_located((By.XPATH, value)))\n_ _ _ _ _ _ _ _ _ _ _ _ _ _ _ _ _ _ _ _ _ _ _ _ _ _ _ _ _ _ _ _ _ _ _ _ _ _ _ _ \n\nself = <selenium.webdriver.support.wait.WebDriverWait (session=\"52bac04374092df253c35794028de1b5\")>\nmethod = <selenium.webdriver.support.expected_conditions.visibility_of_element_located object at 0x7f7ab9ea71c0>\nmessage = ''\n\n    def until(self, method, message=''):\n        \"\"\"Calls the method provided with the driver as an argument until the \\\n        return value is not False.\"\"\"\n        screen = None\n        stacktrace = None\n    \n        end_time = time.time() + self._timeout\n        while True:\n            try:\n                value = method(self._driver)\n                if value:\n                    return value\n            except self._ignored_exceptions as exc:\n                screen = getattr(exc, 'screen', None)\n                stacktrace = getattr(exc, 'stacktrace', None)\n            time.sleep(self._poll)\n            if time.time() > end_time:\n                break\n>       raise TimeoutException(message, screen, stacktrace)\nE       selenium.common.exceptions.TimeoutException: Message:\n\n/opt/hostedtoolcache/Python/3.9.5/x64/lib/python3.9/site-packages/selenium/webdriver/support/wait.py:80: TimeoutException",
  "flaky" : false,
  "newFailed" : false,
  "beforeStages" : [ ],
  "testStage" : {
    "status" : "broken",
    "statusMessage" : "selenium.common.exceptions.TimeoutException: Message:",
    "statusTrace" : "def test_pagination():\n        browser = setup_env()\n        conduit_registration(browser)\n        home_page = browser.find_element_by_xpath('//*[@href=\"#/\"]')\n        home_page.click()\n>       second_page = webdriver_wait_xpath(browser, '//*[@id=\"app\"]/div/div[2]/div/div[1]/div[2]/div/div/nav/ul/li[2]/a')\n\ntest_conduit/test_conduit.py:119: \n_ _ _ _ _ _ _ _ _ _ _ _ _ _ _ _ _ _ _ _ _ _ _ _ _ _ _ _ _ _ _ _ _ _ _ _ _ _ _ _ \ntest_conduit/conduit_data.py:10: in webdriver_wait_xpath\n    element = WebDriverWait(browser, 10).until(EC.visibility_of_element_located((By.XPATH, value)))\n_ _ _ _ _ _ _ _ _ _ _ _ _ _ _ _ _ _ _ _ _ _ _ _ _ _ _ _ _ _ _ _ _ _ _ _ _ _ _ _ \n\nself = <selenium.webdriver.support.wait.WebDriverWait (session=\"52bac04374092df253c35794028de1b5\")>\nmethod = <selenium.webdriver.support.expected_conditions.visibility_of_element_located object at 0x7f7ab9ea71c0>\nmessage = ''\n\n    def until(self, method, message=''):\n        \"\"\"Calls the method provided with the driver as an argument until the \\\n        return value is not False.\"\"\"\n        screen = None\n        stacktrace = None\n    \n        end_time = time.time() + self._timeout\n        while True:\n            try:\n                value = method(self._driver)\n                if value:\n                    return value\n            except self._ignored_exceptions as exc:\n                screen = getattr(exc, 'screen', None)\n                stacktrace = getattr(exc, 'stacktrace', None)\n            time.sleep(self._poll)\n            if time.time() > end_time:\n                break\n>       raise TimeoutException(message, screen, stacktrace)\nE       selenium.common.exceptions.TimeoutException: Message:\n\n/opt/hostedtoolcache/Python/3.9.5/x64/lib/python3.9/site-packages/selenium/webdriver/support/wait.py:80: TimeoutException",
    "steps" : [ ],
    "attachments" : [ {
      "uid" : "850f71c7bf12e20",
      "name" : "log",
      "source" : "850f71c7bf12e20.txt",
      "type" : "text/plain",
      "size" : 344
    }, {
      "uid" : "4671cecf0f4544e8",
      "name" : "stderr",
      "source" : "4671cecf0f4544e8.txt",
      "type" : "text/plain",
      "size" : 215
    } ],
    "parameters" : [ ],
    "stepsCount" : 0,
    "attachmentsCount" : 2,
    "shouldDisplayMessage" : true,
    "hasContent" : true
  },
  "afterStages" : [ ],
  "labels" : [ {
    "name" : "parentSuite",
    "value" : "test_conduit"
  }, {
    "name" : "suite",
    "value" : "test_conduit"
  }, {
    "name" : "host",
    "value" : "fv-az83-93"
  }, {
    "name" : "thread",
    "value" : "3712-MainThread"
  }, {
    "name" : "framework",
    "value" : "pytest"
  }, {
    "name" : "language",
    "value" : "cpython3"
  }, {
    "name" : "package",
    "value" : "test_conduit.test_conduit"
  }, {
    "name" : "resultFormat",
    "value" : "allure2"
  } ],
  "parameters" : [ ],
  "links" : [ ],
  "hidden" : false,
  "retry" : false,
  "extra" : {
    "severity" : "normal",
    "retries" : [ ],
    "categories" : [ {
      "name" : "Test defects",
      "matchedStatuses" : [ ],
      "flaky" : false
    } ],
    "tags" : [ ]
  },
  "source" : "18d8cd6a942a4054.json",
  "parameterValues" : [ ]
}